This is pdfTeX, Version 3.14159265-2.6-1.40.18 (MiKTeX 2.9.6500 64-bit) (preloaded format=latex 2018.7.19)  26 SEP 2018 12:27
entering extended mode
**\makeatletter\def\HCode{\futurelet\HCode\HChar}\def\HChar{\ifx\HCode\def\HCod
e##1{\Link##1}\expandafter\HCode\else\expandafter\Link\fi}\def\Link#1.a.b.c.{\g
@addto@macro\@documentclasshook{\RequirePackage[#1,html]{tex4ht}}\let\HCode\doc
umentstyle\def\documentstyle{\let\documentstyle\HCode\expandafter\def\csname te
x4ht\endcsname{#1,html}\def\HCode####1{\documentstyle[tex4ht,}\@ifnextchar[{\HC
ode}{\documentstyle[tex4ht]}}}\makeatother\HCode xhtml,svg,pic-m,pic-align.a.b.
c.\input  line
(line.tex ("C:\Program Files\MiKTeX 2.9\tex\latex\base\article.cls"
Document Class: article 2014/09/29 v1.4h Standard LaTeX document class
("C:\Program Files\MiKTeX 2.9\tex\latex\base\size10.clo"
File: size10.clo 2014/09/29 v1.4h Standard LaTeX file (size option)
)
\c@part=\count79
\c@section=\count80
\c@subsection=\count81
\c@subsubsection=\count82
\c@paragraph=\count83
\c@subparagraph=\count84
\c@figure=\count85
\c@table=\count86
\abovecaptionskip=\skip41
\belowcaptionskip=\skip42
\bibindent=\dimen102
)
("C:\Program Files\MiKTeX 2.9\tex\generic\tex4ht\tex4ht.sty"
version 2016-07-18-16:08
Package: tex4ht 
--------------------------------------
--- Note --- for _ at preamble, use the command line option `early_'
--------------------------------------
--------------------------------------
--- Note --- for ^ at preamble, use the command line option `early^'
--------------------------------------
\tmp:toks=\toks14
)
("C:\Program Files\MiKTeX 2.9\tex\generic\tex4ht\usepackage.4ht")
("C:\Program Files\MiKTeX 2.9\tex\latex\amsmath\amsmath.sty"
Package: amsmath 2017/09/02 v2.17a AMS math features
\@mathmargin=\skip43

For additional information on amsmath, use the `?' option.
("C:\Program Files\MiKTeX 2.9\tex\latex\amsmath\amstext.sty"
Package: amstext 2000/06/29 v2.01 AMS text

("C:\Program Files\MiKTeX 2.9\tex\latex\amsmath\amsgen.sty"
File: amsgen.sty 1999/11/30 v2.0 generic functions
\@emptytoks=\toks15
\ex@=\dimen103
))
("C:\Program Files\MiKTeX 2.9\tex\latex\amsmath\amsbsy.sty"
Package: amsbsy 1999/11/29 v1.2d Bold Symbols
\pmbraise@=\dimen104
)
("C:\Program Files\MiKTeX 2.9\tex\latex\amsmath\amsopn.sty"
Package: amsopn 2016/03/08 v2.02 operator names
)
\inf@bad=\count87
LaTeX Info: Redefining \frac on input line 213.
\uproot@=\count88
\leftroot@=\count89
LaTeX Info: Redefining \overline on input line 375.
\classnum@=\count90
\DOTSCASE@=\count91
LaTeX Info: Redefining \ldots on input line 472.
LaTeX Info: Redefining \dots on input line 475.
LaTeX Info: Redefining \cdots on input line 596.
\Mathstrutbox@=\box26
\strutbox@=\box27
\big@size=\dimen105
LaTeX Font Info:    Redeclaring font encoding OML on input line 712.
LaTeX Font Info:    Redeclaring font encoding OMS on input line 713.
\macc@depth=\count92
\c@MaxMatrixCols=\count93
\dotsspace@=\muskip10
\c@parentequation=\count94
\dspbrk@lvl=\count95
\tag@help=\toks16
\row@=\count96
\column@=\count97
\maxfields@=\count98
\andhelp@=\toks17
\eqnshift@=\dimen106
\alignsep@=\dimen107
\tagshift@=\dimen108
\tagwidth@=\dimen109
\totwidth@=\dimen110
\lineht@=\dimen111
\@envbody=\toks18
\multlinegap=\skip44
\multlinetaggap=\skip45
\mathdisplay@stack=\toks19
LaTeX Info: Redefining \[ on input line 2817.
LaTeX Info: Redefining \] on input line 2818.
)
("C:\Program Files\MiKTeX 2.9\tex\latex\amsfonts\amssymb.sty"
Package: amssymb 2013/01/14 v3.01 AMS font symbols

("C:\Program Files\MiKTeX 2.9\tex\latex\amsfonts\amsfonts.sty"
Package: amsfonts 2013/01/14 v3.01 Basic AMSFonts support
\symAMSa=\mathgroup4
\symAMSb=\mathgroup5
LaTeX Font Info:    Overwriting math alphabet `\mathfrak' in version `bold'
(Font)                  U/euf/m/n --> U/euf/b/n on input line 106.
))
("C:\Program Files\MiKTeX 2.9\tex\latex\amscls\amsthm.sty"
Package: amsthm 2015/03/04 v2.20.2
\thm@style=\toks20
\thm@bodyfont=\toks21
\thm@headfont=\toks22
\thm@notefont=\toks23
\thm@headpunct=\toks24
\thm@preskip=\skip46
\thm@postskip=\skip47
\thm@headsep=\skip48
\dth@everypar=\toks25
)
("C:\Program Files\MiKTeX 2.9\tex\latex\graphics\graphicx.sty"
Package: graphicx 2017/06/01 v1.1a Enhanced LaTeX Graphics (DPC,SPQR)

("C:\Program Files\MiKTeX 2.9\tex\latex\graphics\keyval.sty"
Package: keyval 2014/10/28 v1.15 key=value parser (DPC)
\KV@toks@=\toks26
)
("C:\Program Files\MiKTeX 2.9\tex\latex\graphics\graphics.sty"
Package: graphics 2017/06/25 v1.2c Standard LaTeX Graphics (DPC,SPQR)

("C:\Program Files\MiKTeX 2.9\tex\latex\graphics\trig.sty"
Package: trig 2016/01/03 v1.10 sin cos tan (DPC)
)
("C:\Program Files\MiKTeX 2.9\tex\latex\graphics-cfg\graphics.cfg"
File: graphics.cfg 2016/06/04 v1.11 sample graphics configuration
)
Package graphics Info: Driver file: dvips.def on input line 99.

("C:\Program Files\MiKTeX 2.9\tex\latex\graphics-def\dvips.def"
File: dvips.def 2017/06/20 v3.1d Graphics/color driver for dvips
))
\Gin@req@height=\dimen112
\Gin@req@width=\dimen113
)
\c@definition=\count99
\c@property=\count100
\c@ex=\count101
\c@thm=\count102
\c@lemma=\count103
\c@prop=\count104
\c@problem=\count105

("C:\Program Files\MiKTeX 2.9\tex\generic\tex4ht\tex4ht.4ht"
version 2017-05-09-09:21
--------------------------------------
--- Note --- for additional information, use the command line option `info'
--------------------------------------

::::::::::::::::::::::::::::::::::::::::::
 TeX4ht info is available in the log file 
::::::::::::::::::::::::::::::::::::::::::
) ("C:\Program Files\MiKTeX 2.9\tex\generic\tex4ht\tex4ht.sty"
version 2016-07-18-16:08

--- needs --- tex4ht line ---
\tmp:cnt=\count106
\openout15 = `line.tmp'.

(line.tmp)
\tmp:dim=\skip49
 (line.xref)
\:refout=\write3
\openout3 = `line.xref'.


("C:\Program Files\MiKTeX 2.9\tex\generic\tex4ht\html4.4ht"
version 2017-05-09-09:20
--------------------------------------
--- Note --- to remove the <?xml version=...?> processing instruction use the c
ommand line option `no-VERSION'
--------------------------------------
--------------------------------------
--- Note --- to remove the DOCTYPE declaration use the command line option `no-
DOCTYPE'
--------------------------------------
)
("C:\Program Files\MiKTeX 2.9\tex\generic\tex4ht\html4-math.4ht"
version 2017-03-30-16:04
)
("C:\Program Files\MiKTeX 2.9\tex\generic\tex4ht\svg.4ht"
version 2017-05-09-09:46
)
("C:\Program Files\MiKTeX 2.9\tex\generic\tex4ht\html4-svg.4ht")
--------------------------------------
--- Note --- for marking of the base font, use the command line option `fonts+'

--------------------------------------
--------------------------------------
--- Note --- for non active _, use the command line option `no_'
--------------------------------------
--------------------------------------
--- Note --- for _ of catcode 13, use the command line option `_13'
--------------------------------------
--------------------------------------
--- Note --- for non active ^, use the command line option `no^'
--------------------------------------
--------------------------------------
--- Note --- for ^ of catcode 13, use the command line option `^13'
--------------------------------------

("C:\Program Files\MiKTeX 2.9\tex\generic\tex4ht\html4.4ht"
version 2017-05-09-09:20
--------------------------------------
--- Note --- for alternative charset, use the command line option `charset=...'

--------------------------------------
--------------------------------------
--- Note --- to ignore CSS font decoration, use the `NoFonts' command line opti
on
--------------------------------------
--------------------------------------
--- Note --- for jpg bitmaps of pictures, use the `jpg' command line option. (C
haracter bitmaps are controled only by `g' records of tex4ht.env and `-g' switc
hes of tex4ht.c) 
--------------------------------------
--------------------------------------
--- Note --- for gif bitmaps of pictures, use the `gif' command line option. (C
haracter bitmaps are controled only by `g' records of tex4ht.env and `-g' switc
hes of tex4ht.c) 
--------------------------------------
--------------------------------------
--- Note --- for content and toc in 2 frames, use the command line option `fram
es'
--------------------------------------
--------------------------------------
--- Note --- for content, toc, and footnotes in 3 frames, use the command line 
option `frames-fn'
--------------------------------------
--------------------------------------
--- Note --- for file extension name xht, use the command line option `xht'
--------------------------------------
TeX4ht package options: xhtml,svg,pic-m,pic-align,html
--------------------------------------
--- Note --- To print a timestamp, use the command line option timestamp
--------------------------------------
--------------------------------------
--- Note --- to ignore CSS code, use the command line option `-css
--------------------------------------
--------------------------------------
--- Note --- for inline CSS code, use the command line option `css-in'
--------------------------------------
--------------------------------------
--- Note --- for pop ups on mouse over, use the command line option `mouseover'

--------------------------------------
--------------------------------------
--- Note --- for addressing images in a subdirectory, use the command line opti
on `imgdir:.../'
--------------------------------------
)
("C:\Program Files\MiKTeX 2.9\tex\generic\tex4ht\html4-math.4ht"
version 2017-03-30-16:04
)
("C:\Program Files\MiKTeX 2.9\tex\generic\tex4ht\svg.4ht"
version 2017-05-09-09:46
--------------------------------------
--- Note --- for external SVG files try the command line options `svg-obj' and 
'svg-'
--------------------------------------
)
("C:\Program Files\MiKTeX 2.9\tex\generic\tex4ht\html4-svg.4ht"
version 2016-03-31-11:13
)
\:tokwrite=\toks27
\:tokpage=\toks28
--------------------------------------
--- Note --- for back links to toc, use the command line option `sections+'
--------------------------------------
--------------------------------------
--- Note --- for linear crosslinks of pages, use the command line option `next'

--------------------------------------
\openout15 = `line.4ct'.

\:tocout=\write4
\openout4 = `line.4tc'.


("C:\Program Files\MiKTeX 2.9\tex\generic\tex4ht\html4.4ht"
version 2017-05-09-09:20
)
("C:\Program Files\MiKTeX 2.9\tex\generic\tex4ht\html4-math.4ht"
version 2017-03-30-16:04
)
("C:\Program Files\MiKTeX 2.9\tex\generic\tex4ht\svg.4ht"
version 2017-05-09-09:46
)
("C:\Program Files\MiKTeX 2.9\tex\generic\tex4ht\html4-svg.4ht")
("C:\Program Files\MiKTeX 2.9\tex\generic\tex4ht\latex.4ht"
version 2017-01-24-15:21
LaTeX Info: Redefining \_ on input line 168.
--------------------------------------
--- Note --- for links into captions, instead of float heads, use the command l
ine option `refcaption'
--------------------------------------

("C:\Program Files\MiKTeX 2.9\tex\generic\tex4ht\html4.4ht"
version 2017-05-09-09:20
--------------------------------------
--- Note --- For mini tocs immediately aftter the header use the command line o
ption `minitoc<'
--------------------------------------
--------------------------------------
--- Note --- for enumerated list elements with valued data, use the command lin
e option `enumerate+'
--------------------------------------
--------------------------------------
--- Note --- for enumerated list elements li's with value attributes, use the c
ommand line option `enumerate-'
--------------------------------------
--------------------------------------
--- Note --- for CSS2 code, use the command line option `css2'
--------------------------------------
--------------------------------------
--- Note --- for pictorial tabular, use the command line option `pic-tabular'
--------------------------------------
--------------------------------------
--- Note --- for bitmap fbox'es, use the command line option `pic-fbox'
--------------------------------------
--------------------------------------
--- Note --- for bitmap framebox'es, use the command line option `pic-framebox'

--------------------------------------
--------------------------------------
--- Note --- for inline footnotes use command line option `fn-in'
--------------------------------------
--------------------------------------
--- Note --- for tracing of latex font commands, use the command line option `f
onts'
--------------------------------------
--------------------------------------
--- Note --- for width specifications of tabular p entries, use the `p-width' c
ommand line option or a configuration similar to \Configure{HColWidth}{\HCode{ 
style="width:\HColWidth"}}
--------------------------------------
)
("C:\Program Files\MiKTeX 2.9\tex\generic\tex4ht\html4-math.4ht"
version 2017-03-30-16:04
--------------------------------------
--- Note --- for pictorial eqnarray, use the command line option `pic-eqnarray'

--------------------------------------
--------------------------------------
--- Note --- for pictorial array, use the command line option `pic-array'
--------------------------------------
--------------------------------------
--- Note --- for pictorial $...$ and $$...$$ environments with latex alt, use t
he command line option `pic-m+' (not safe!!)
--------------------------------------
--------------------------------------
--- Note --- for pictorial array, use the command line option `pic-array'
--------------------------------------
)
("C:\Program Files\MiKTeX 2.9\tex\generic\tex4ht\svg.4ht"
version 2017-05-09-09:46
)
("C:\Program Files\MiKTeX 2.9\tex\generic\tex4ht\html4-svg.4ht"))
("C:\Program Files\MiKTeX 2.9\tex\generic\tex4ht\fontmath.4ht"
version 2009-05-21-09:32

("C:\Program Files\MiKTeX 2.9\tex\generic\tex4ht\html4.4ht"
version 2017-05-09-09:20
)
("C:\Program Files\MiKTeX 2.9\tex\generic\tex4ht\html4-math.4ht"
version 2017-03-30-16:04
)
("C:\Program Files\MiKTeX 2.9\tex\generic\tex4ht\svg.4ht"
version 2017-05-09-09:46
)
("C:\Program Files\MiKTeX 2.9\tex\generic\tex4ht\html4-svg.4ht"))
("C:\Program Files\MiKTeX 2.9\tex\generic\tex4ht\article.4ht"
version 2009-05-21-09:32

("C:\Program Files\MiKTeX 2.9\tex\generic\tex4ht\html4.4ht"
version 2017-05-09-09:20
--------------------------------------
--- Note --- for automatic sectioning pagination, use the command line option `
1', `2', `3', '4', '5', '6', or '7'
--------------------------------------
--------------------------------------
--- Note --- for files named derived from section titles, use the command line 
option `sec-filename'
--------------------------------------
--------------------------------------
--- Note --- for i-columns index, use the command line option `index=i' (e.g., 
index=2)
--------------------------------------
)
("C:\Program Files\MiKTeX 2.9\tex\generic\tex4ht\html4-math.4ht"
version 2017-03-30-16:04
)
("C:\Program Files\MiKTeX 2.9\tex\generic\tex4ht\svg.4ht"
version 2017-05-09-09:46
)
("C:\Program Files\MiKTeX 2.9\tex\generic\tex4ht\html4-svg.4ht"))
("C:\Program Files\MiKTeX 2.9\tex\generic\tex4ht\amsmath.4ht"
version 2009-05-21-09:32
\tmp:muskip=\muskip11

("C:\Program Files\MiKTeX 2.9\tex\generic\tex4ht\html4.4ht"
version 2017-05-09-09:20
)
("C:\Program Files\MiKTeX 2.9\tex\generic\tex4ht\html4-math.4ht"
version 2017-03-30-16:04
)
("C:\Program Files\MiKTeX 2.9\tex\generic\tex4ht\svg.4ht"
version 2017-05-09-09:46
)
("C:\Program Files\MiKTeX 2.9\tex\generic\tex4ht\html4-svg.4ht"))
("C:\Program Files\MiKTeX 2.9\tex\generic\tex4ht\amstext.4ht"
version 2009-05-21-09:32

("C:\Program Files\MiKTeX 2.9\tex\generic\tex4ht\html4.4ht"
version 2017-05-09-09:20
)
("C:\Program Files\MiKTeX 2.9\tex\generic\tex4ht\html4-math.4ht"
version 2017-03-30-16:04
)
("C:\Program Files\MiKTeX 2.9\tex\generic\tex4ht\svg.4ht"
version 2017-05-09-09:46
)
("C:\Program Files\MiKTeX 2.9\tex\generic\tex4ht\html4-svg.4ht"))
("C:\Program Files\MiKTeX 2.9\tex\generic\tex4ht\amsbsy.4ht"
version 2009-05-21-09:32

("C:\Program Files\MiKTeX 2.9\tex\generic\tex4ht\html4.4ht"
version 2017-05-09-09:20
)
("C:\Program Files\MiKTeX 2.9\tex\generic\tex4ht\html4-math.4ht"
version 2017-03-30-16:04
)
("C:\Program Files\MiKTeX 2.9\tex\generic\tex4ht\svg.4ht"
version 2017-05-09-09:46
)
("C:\Program Files\MiKTeX 2.9\tex\generic\tex4ht\html4-svg.4ht"))
("C:\Program Files\MiKTeX 2.9\tex\generic\tex4ht\amsopn.4ht"
version 2009-05-21-09:32

("C:\Program Files\MiKTeX 2.9\tex\generic\tex4ht\html4.4ht"
version 2017-05-09-09:20
)
("C:\Program Files\MiKTeX 2.9\tex\generic\tex4ht\html4-math.4ht"
version 2017-03-30-16:04
)
("C:\Program Files\MiKTeX 2.9\tex\generic\tex4ht\svg.4ht"
version 2017-05-09-09:46
)
("C:\Program Files\MiKTeX 2.9\tex\generic\tex4ht\html4-svg.4ht"))
("C:\Program Files\MiKTeX 2.9\tex\generic\tex4ht\amssymb.4ht"
version 2009-05-21-09:32

("C:\Program Files\MiKTeX 2.9\tex\generic\tex4ht\html4.4ht"
version 2017-05-09-09:20
)
("C:\Program Files\MiKTeX 2.9\tex\generic\tex4ht\html4-math.4ht"
version 2017-03-30-16:04
)
("C:\Program Files\MiKTeX 2.9\tex\generic\tex4ht\svg.4ht"
version 2017-05-09-09:46
)
("C:\Program Files\MiKTeX 2.9\tex\generic\tex4ht\html4-svg.4ht"))
("C:\Program Files\MiKTeX 2.9\tex\generic\tex4ht\amsfonts.4ht"
version 2009-05-21-09:32

("C:\Program Files\MiKTeX 2.9\tex\generic\tex4ht\html4.4ht"
version 2017-05-09-09:20
)
("C:\Program Files\MiKTeX 2.9\tex\generic\tex4ht\html4-math.4ht"
version 2017-03-30-16:04
)
("C:\Program Files\MiKTeX 2.9\tex\generic\tex4ht\svg.4ht"
version 2017-05-09-09:46
)
("C:\Program Files\MiKTeX 2.9\tex\generic\tex4ht\html4-svg.4ht"))
("C:\Program Files\MiKTeX 2.9\tex\generic\tex4ht\amsthm.4ht"
version 2009-05-21-09:32

("C:\Program Files\MiKTeX 2.9\tex\generic\tex4ht\html4.4ht"
version 2017-05-09-09:20
)
("C:\Program Files\MiKTeX 2.9\tex\generic\tex4ht\html4-math.4ht"
version 2017-03-30-16:04
)
("C:\Program Files\MiKTeX 2.9\tex\generic\tex4ht\svg.4ht"
version 2017-05-09-09:46
)
("C:\Program Files\MiKTeX 2.9\tex\generic\tex4ht\html4-svg.4ht"))
("C:\Program Files\MiKTeX 2.9\tex\generic\tex4ht\graphicx.4ht"
version 2015-08-05-15:37

("C:\Program Files\MiKTeX 2.9\tex\generic\tex4ht\html4.4ht"
version 2017-05-09-09:20
)
("C:\Program Files\MiKTeX 2.9\tex\generic\tex4ht\html4-math.4ht"
version 2017-03-30-16:04
)
("C:\Program Files\MiKTeX 2.9\tex\generic\tex4ht\svg.4ht"
version 2017-05-09-09:46
)
("C:\Program Files\MiKTeX 2.9\tex\generic\tex4ht\html4-svg.4ht"))
("C:\Program Files\MiKTeX 2.9\tex\generic\tex4ht\graphics.4ht"
("C:\Program Files\MiKTeX 2.9\tex\generic\tex4ht\html4.4ht"
version 2017-05-09-09:20
--------------------------------------
--- Note --- if included graphics are of degraded quality, try the command line
 options `graphics-num' or `graphics-'. The `num' should provide the density of
 pixels in the bitmaps (e.g., 110). 
--------------------------------------
--------------------------------------
--- Note --- for key dimensions try the option `Gin-dim'; for key dimensions wh
en bounding box is unavailable try `Gin-dim+'; neither is recommended
--------------------------------------
)
("C:\Program Files\MiKTeX 2.9\tex\generic\tex4ht\html4-math.4ht"
version 2017-03-30-16:04
)
("C:\Program Files\MiKTeX 2.9\tex\generic\tex4ht\svg.4ht"
version 2017-05-09-09:46
)
("C:\Program Files\MiKTeX 2.9\tex\generic\tex4ht\html4-svg.4ht"))
("C:\Program Files\MiKTeX 2.9\tex\generic\tex4ht\dvips.4ht"
version 2009-05-21-09:32

("C:\Program Files\MiKTeX 2.9\tex\generic\tex4ht\html4.4ht"
version 2017-05-09-09:20
)
("C:\Program Files\MiKTeX 2.9\tex\generic\tex4ht\html4-math.4ht"
version 2017-03-30-16:04
)
("C:\Program Files\MiKTeX 2.9\tex\generic\tex4ht\svg.4ht"
version 2017-05-09-09:46
)
("C:\Program Files\MiKTeX 2.9\tex\generic\tex4ht\html4-svg.4ht"))
("C:\Program Files\MiKTeX 2.9\tex\generic\tex4ht\html4.4ht"
version 2017-05-09-09:20
)
("C:\Program Files\MiKTeX 2.9\tex\generic\tex4ht\html4-math.4ht"
version 2017-03-30-16:04
)
("C:\Program Files\MiKTeX 2.9\tex\generic\tex4ht\svg.4ht"
version 2017-05-09-09:46
)
("C:\Program Files\MiKTeX 2.9\tex\generic\tex4ht\html4-svg.4ht")) (line.aux)
\openout1 = `line.aux'.

LaTeX Font Info:    Checking defaults for OML/cmm/m/it on input line 31.
LaTeX Font Info:    ... okay on input line 31.
LaTeX Font Info:    Checking defaults for T1/cmr/m/n on input line 31.
LaTeX Font Info:    ... okay on input line 31.
LaTeX Font Info:    Checking defaults for OT1/cmr/m/n on input line 31.
LaTeX Font Info:    ... okay on input line 31.
LaTeX Font Info:    Checking defaults for OMS/cmsy/m/n on input line 31.
LaTeX Font Info:    ... okay on input line 31.
LaTeX Font Info:    Checking defaults for OMX/cmex/m/n on input line 31.
LaTeX Font Info:    ... okay on input line 31.
LaTeX Font Info:    Checking defaults for U/cmr/m/n on input line 31.
LaTeX Font Info:    ... okay on input line 31.
--- file line.css ---
LaTeX Font Info:    Try loading font information for U+msa on input line 35.

("C:\Program Files\MiKTeX 2.9\tex\latex\amsfonts\umsa.fd"
File: umsa.fd 2013/01/14 v3.01 AMS symbols A
)
LaTeX Font Info:    Try loading font information for U+msb on input line 35.

("C:\Program Files\MiKTeX 2.9\tex\latex\amsfonts\umsb.fd"
File: umsb.fd 2013/01/14 v3.01 AMS symbols B
)
l. 35 Writing line.idv[1] (line0x.svg)
l. 35 Writing line.idv[2] (line1x.svg)
l. 36 Writing line.idv[3] (line2x.svg)
l. 41 Writing line.idv[4] (line3x.svg)
l. 41 Writing line.idv[5] (line4x.svg)
l. 42 Writing line.idv[6] (line5x.svg)
l. 49 Writing line.idv[7] (line6x.svg)
l. 49 Writing line.idv[8] (line7x.svg)
l. 50 Writing line.idv[9] (line8x.svg)
 [1

]
l. 56 Writing line.idv[10] (line9x.svg)
l. 64 Writing line.idv[11] (line10x.svg)
 [2]
l. 76 Writing line.idv[12] (line11x.svg)
l. 80 Writing line.idv[13] (line12x.svg)
l. 82 Writing line.idv[14] (line13x.svg)
l. 83 Writing line.idv[15] (line14x.svg)
l. 85 Writing line.idv[16] (line15x.svg)
l. 85 Writing line.idv[17] (line16x.svg)
l. 85 Writing line.idv[18] (line17x.svg)
l. 85 Writing line.idv[19] (line18x.svg)
l. 86 Writing line.idv[20] (line19x.svg)
l. 87 Writing line.idv[21] (line20x.svg)
l. 88 Writing line.idv[22] (line21x.svg)
l. 88 Writing line.idv[23] (line22x.svg)
l. 88 Writing line.idv[24] (line23x.svg)
l. 88 Writing line.idv[25] (line24x.svg)
l. 88 Writing line.idv[26] (line25x.svg)
l. 88 Writing line.idv[27] (line26x.svg)
l. 88 Writing line.idv[28] (line27x.svg)
l. 90 Writing line.idv[29] (line28x.svg)
l. 91 Writing line.idv[30] (line29x.svg)
 [3] [4]
(line.aux) ) 
Here is how much of TeX's memory you used:
 5474 strings out of 493313
 65643 string characters out of 3138925
 256584 words of memory out of 3000000
 8860 multiletter control sequences out of 15000+200000
 6352 words of font info for 25 fonts, out of 3000000 for 9000
 1141 hyphenation exceptions out of 8191
 30i,10n,32p,782b,331s stack positions out of 5000i,500n,10000p,200000b,50000s

Output written on line.dvi (4 pages, 23644 bytes).
